<?xml version="1.0" encoding="UTF-8"?>
<testsuite name="SyntaxTreeEvaluatorTest" tests="6" skipped="0" failures="0" errors="0" timestamp="2022-02-07T23:07:06" hostname="DESKTOP-7RD06PN" time="0.042">
  <properties/>
  <testcase name="testSyntaxTreeWithConcatenation()" classname="SyntaxTreeEvaluatorTest" time="0.032"/>
  <testcase name="testSyntaxTreeFromLecture()" classname="SyntaxTreeEvaluatorTest" time="0.001"/>
  <testcase name="testSyntaxTreeWithOption()" classname="SyntaxTreeEvaluatorTest" time="0.001"/>
  <testcase name="testSyntaxTreeWithKleenHull()" classname="SyntaxTreeEvaluatorTest" time="0.001"/>
  <testcase name="testSyntaxTreeWithAlternative()" classname="SyntaxTreeEvaluatorTest" time="0.001"/>
  <testcase name="testSyntaxTreeWithPositiveHull()" classname="SyntaxTreeEvaluatorTest" time="0.001"/>
  <system-out><![CDATA[]]></system-out>
  <system-err><![CDATA[]]></system-err>
</testsuite>
