<?xml version="1.0" encoding="UTF-8"?>
<testsuite name="FollowPosTableGeneratorTest" tests="1" skipped="0" failures="0" errors="0" timestamp="2022-02-09T14:49:30" hostname="DESKTOP-78NCDQS" time="0.016">
  <properties/>
  <testcase name="createFollowPosTable()" classname="FollowPosTableGeneratorTest" time="0.016"/>
  <system-out><![CDATA[]]></system-out>
  <system-err><![CDATA[]]></system-err>
</testsuite>
